<?xml version="1.0" encoding="UTF-8"?>
<!-- Generated by org.testng.reporters.JUnitReportReporter -->
<testsuite hostname="TestExcel" failures="0" tests="1" name="org.api.qa.test.runner.Runner" time="10.101" errors="0" timestamp="2025-01-23T10:16:23 SAST" skipped="0">
  <testcase classname="org.api.qa.test.runner.Runner" name="runScenario" time="10.101"/>
</testsuite> <!-- org.api.qa.test.runner.Runner -->
