<?xml version="1.0" encoding="UTF-8"?>
<testsuite xmlns:xsi="http://www.w3.org/2001/XMLSchema-instance" xsi:noNamespaceSchemaLocation="https://maven.apache.org/surefire/maven-surefire-plugin/xsd/surefire-test-report.xsd" version="3.0.2" name="TestSuite" time="13.005" tests="1" errors="0" skipped="0" failures="0">
  <properties>
    <property name="java.specification.version" value="22"/>
    <property name="sun.cpu.isalist" value="amd64"/>
    <property name="sun.jnu.encoding" value="Cp1252"/>
    <property name="java.class.path" value="C:\Users\groov\IdeaProjects\Test-Automation\ApiTesting\target\test-classes;C:\Users\groov\IdeaProjects\Test-Automation\ApiTesting\target\classes;C:\Users\groov\.m2\repository\io\rest-assured\rest-assured\5.5.0\rest-assured-5.5.0.jar;C:\Users\groov\.m2\repository\org\apache\groovy\groovy\4.0.22\groovy-4.0.22.jar;C:\Users\groov\.m2\repository\org\apache\groovy\groovy-xml\4.0.22\groovy-xml-4.0.22.jar;C:\Users\groov\.m2\repository\org\apache\httpcomponents\httpclient\4.5.13\httpclient-4.5.13.jar;C:\Users\groov\.m2\repository\org\apache\httpcomponents\httpcore\4.4.13\httpcore-4.4.13.jar;C:\Users\groov\.m2\repository\commons-logging\commons-logging\1.2\commons-logging-1.2.jar;C:\Users\groov\.m2\repository\org\apache\httpcomponents\httpmime\4.5.13\httpmime-4.5.13.jar;C:\Users\groov\.m2\repository\org\hamcrest\hamcrest\2.2\hamcrest-2.2.jar;C:\Users\groov\.m2\repository\org\ccil\cowan\tagsoup\tagsoup\1.2.1\tagsoup-1.2.1.jar;C:\Users\groov\.m2\repository\io\rest-assured\json-path\5.5.0\json-path-5.5.0.jar;C:\Users\groov\.m2\repository\org\apache\groovy\groovy-json\4.0.22\groovy-json-4.0.22.jar;C:\Users\groov\.m2\repository\io\rest-assured\rest-assured-common\5.5.0\rest-assured-common-5.5.0.jar;C:\Users\groov\.m2\repository\io\rest-assured\json-schema-validator\5.5.0\json-schema-validator-5.5.0.jar;C:\Users\groov\.m2\repository\com\github\java-json-tools\json-schema-validator\2.2.14\json-schema-validator-2.2.14.jar;C:\Users\groov\.m2\repository\com\github\java-json-tools\jackson-coreutils-equivalence\1.0\jackson-coreutils-equivalence-1.0.jar;C:\Users\groov\.m2\repository\com\github\java-json-tools\jackson-coreutils\2.0\jackson-coreutils-2.0.jar;C:\Users\groov\.m2\repository\com\github\java-json-tools\msg-simple\1.2\msg-simple-1.2.jar;C:\Users\groov\.m2\repository\com\github\java-json-tools\btf\1.3\btf-1.3.jar;C:\Users\groov\.m2\repository\com\github\java-json-tools\json-schema-core\1.2.14\json-schema-core-1.2.14.jar;C:\Users\groov\.m2\repository\com\github\java-json-tools\uri-template\0.10\uri-template-0.10.jar;C:\Users\groov\.m2\repository\org\mozilla\rhino\1.7.7.2\rhino-1.7.7.2.jar;C:\Users\groov\.m2\repository\com\sun\mail\mailapi\1.6.2\mailapi-1.6.2.jar;C:\Users\groov\.m2\repository\com\googlecode\libphonenumber\libphonenumber\8.11.1\libphonenumber-8.11.1.jar;C:\Users\groov\.m2\repository\com\google\code\findbugs\jsr305\3.0.2\jsr305-3.0.2.jar;C:\Users\groov\.m2\repository\net\sf\jopt-simple\jopt-simple\5.0.4\jopt-simple-5.0.4.jar;C:\Users\groov\.m2\repository\com\google\guava\guava\33.2.1-jre\guava-33.2.1-jre.jar;C:\Users\groov\.m2\repository\com\google\guava\failureaccess\1.0.2\failureaccess-1.0.2.jar;C:\Users\groov\.m2\repository\com\google\guava\listenablefuture\9999.0-empty-to-avoid-conflict-with-guava\listenablefuture-9999.0-empty-to-avoid-conflict-with-guava.jar;C:\Users\groov\.m2\repository\org\checkerframework\checker-qual\3.42.0\checker-qual-3.42.0.jar;C:\Users\groov\.m2\repository\com\google\errorprone\error_prone_annotations\2.26.1\error_prone_annotations-2.26.1.jar;C:\Users\groov\.m2\repository\com\google\j2objc\j2objc-annotations\3.0.0\j2objc-annotations-3.0.0.jar;C:\Users\groov\.m2\repository\io\rest-assured\xml-path\5.5.0\xml-path-5.5.0.jar;C:\Users\groov\.m2\repository\org\apache\commons\commons-lang3\3.11\commons-lang3-3.11.jar;C:\Users\groov\.m2\repository\io\cucumber\cucumber-core\7.20.1\cucumber-core-7.20.1.jar;C:\Users\groov\.m2\repository\io\cucumber\cucumber-gherkin\7.20.1\cucumber-gherkin-7.20.1.jar;C:\Users\groov\.m2\repository\io\cucumber\cucumber-gherkin-messages\7.20.1\cucumber-gherkin-messages-7.20.1.jar;C:\Users\groov\.m2\repository\io\cucumber\gherkin\28.0.0\gherkin-28.0.0.jar;C:\Users\groov\.m2\repository\io\cucumber\messages\24.1.0\messages-24.1.0.jar;C:\Users\groov\.m2\repository\io\cucumber\testng-xml-formatter\0.2.0\testng-xml-formatter-0.2.0.jar;C:\Users\groov\.m2\repository\io\cucumber\query\12.2.0\query-12.2.0.jar;C:\Users\groov\.m2\repository\io\cucumber\tag-expressions\6.1.0\tag-expressions-6.1.0.jar;C:\Users\groov\.m2\repository\io\cucumber\cucumber-expressions\17.1.0\cucumber-expressions-17.1.0.jar;C:\Users\groov\.m2\repository\io\cucumber\datatable\7.20.1\datatable-7.20.1.jar;C:\Users\groov\.m2\repository\io\cucumber\cucumber-plugin\7.20.1\cucumber-plugin-7.20.1.jar;C:\Users\groov\.m2\repository\io\cucumber\docstring\7.20.1\docstring-7.20.1.jar;C:\Users\groov\.m2\repository\io\cucumber\html-formatter\21.7.0\html-formatter-21.7.0.jar;C:\Users\groov\.m2\repository\io\cucumber\junit-xml-formatter\0.5.0\junit-xml-formatter-0.5.0.jar;C:\Users\groov\.m2\repository\io\cucumber\ci-environment\10.0.1\ci-environment-10.0.1.jar;C:\Users\groov\.m2\repository\org\apiguardian\apiguardian-api\1.1.2\apiguardian-api-1.1.2.jar;C:\Users\groov\.m2\repository\io\cucumber\cucumber-java\7.20.1\cucumber-java-7.20.1.jar;C:\Users\groov\.m2\repository\io\cucumber\cucumber-testng\7.20.1\cucumber-testng-7.20.1.jar;C:\Users\groov\.m2\repository\junit\junit\3.8.1\junit-3.8.1.jar;C:\Users\groov\.m2\repository\org\uncommons\reportng\1.1.4\reportng-1.1.4.jar;C:\Users\groov\.m2\repository\velocity\velocity\1.4\velocity-1.4.jar;C:\Users\groov\.m2\repository\velocity\velocity-dep\1.4\velocity-dep-1.4.jar;C:\Users\groov\.m2\repository\org\apache\logging\log4j\log4j-core\2.23.1\log4j-core-2.23.1.jar;C:\Users\groov\.m2\repository\org\apache\logging\log4j\log4j-api\2.23.1\log4j-api-2.23.1.jar;C:\Users\groov\.m2\repository\com\fasterxml\jackson\core\jackson-databind\2.18.2\jackson-databind-2.18.2.jar;C:\Users\groov\.m2\repository\com\fasterxml\jackson\core\jackson-annotations\2.18.2\jackson-annotations-2.18.2.jar;C:\Users\groov\.m2\repository\com\fasterxml\jackson\core\jackson-core\2.18.2\jackson-core-2.18.2.jar;C:\Users\groov\.m2\repository\org\apache\poi\poi\5.4.0\poi-5.4.0.jar;C:\Users\groov\.m2\repository\commons-codec\commons-codec\1.17.1\commons-codec-1.17.1.jar;C:\Users\groov\.m2\repository\org\apache\commons\commons-collections4\4.4\commons-collections4-4.4.jar;C:\Users\groov\.m2\repository\org\apache\commons\commons-math3\3.6.1\commons-math3-3.6.1.jar;C:\Users\groov\.m2\repository\commons-io\commons-io\2.18.0\commons-io-2.18.0.jar;C:\Users\groov\.m2\repository\com\zaxxer\SparseBitSet\1.3\SparseBitSet-1.3.jar;C:\Users\groov\.m2\repository\com\googlecode\json-simple\json-simple\1.1.1\json-simple-1.1.1.jar;C:\Users\groov\.m2\repository\com\microsoft\playwright\playwright\1.49.0\playwright-1.49.0.jar;C:\Users\groov\.m2\repository\com\google\code\gson\gson\2.11.0\gson-2.11.0.jar;C:\Users\groov\.m2\repository\org\opentest4j\opentest4j\1.3.0\opentest4j-1.3.0.jar;C:\Users\groov\.m2\repository\com\microsoft\playwright\driver\1.49.0\driver-1.49.0.jar;C:\Users\groov\.m2\repository\com\microsoft\playwright\driver-bundle\1.49.0\driver-bundle-1.49.0.jar;C:\Users\groov\.m2\repository\org\testng\testng\7.10.2\testng-7.10.2.jar;C:\Users\groov\.m2\repository\org\slf4j\slf4j-api\1.7.36\slf4j-api-1.7.36.jar;C:\Users\groov\.m2\repository\com\beust\jcommander\1.82\jcommander-1.82.jar;C:\Users\groov\.m2\repository\org\webjars\jquery\3.7.1\jquery-3.7.1.jar;C:\Users\groov\.m2\repository\net\masterthought\cucumber-reporting\5.8.4\cucumber-reporting-5.8.4.jar;C:\Users\groov\.m2\repository\com\fasterxml\jackson\datatype\jackson-datatype-jsr310\2.18.1\jackson-datatype-jsr310-2.18.1.jar;C:\Users\groov\.m2\repository\org\apache\velocity\velocity-engine-core\2.4.1\velocity-engine-core-2.4.1.jar;C:\Users\groov\.m2\repository\joda-time\joda-time\2.13.0\joda-time-2.13.0.jar;C:\Users\groov\.m2\repository\org\apache\commons\commons-configuration2\2.11.0\commons-configuration2-2.11.0.jar;C:\Users\groov\.m2\repository\org\apache\commons\commons-text\1.12.0\commons-text-1.12.0.jar;C:\Users\groov\.m2\repository\org\jsoup\jsoup\1.18.1\jsoup-1.18.1.jar;C:\Users\groov\.m2\repository\com\googlecode\owasp-java-html-sanitizer\owasp-java-html-sanitizer\20240325.1\owasp-java-html-sanitizer-20240325.1.jar;C:\Users\groov\.m2\repository\com\googlecode\owasp-java-html-sanitizer\java8-shim\20240325.1\java8-shim-20240325.1.jar;C:\Users\groov\.m2\repository\com\googlecode\owasp-java-html-sanitizer\java10-shim\20240325.1\java10-shim-20240325.1.jar;C:\Users\groov\.m2\repository\org\slf4j\jcl-over-slf4j\2.0.16\jcl-over-slf4j-2.0.16.jar;"/>
    <property name="java.vm.vendor" value="Oracle Corporation"/>
    <property name="sun.arch.data.model" value="64"/>
    <property name="user.variant" value=""/>
    <property name="java.vendor.url" value="https://java.oracle.com/"/>
    <property name="user.timezone" value="Africa/Johannesburg"/>
    <property name="os.name" value="Windows 11"/>
    <property name="java.vm.specification.version" value="22"/>
    <property name="sun.java.launcher" value="SUN_STANDARD"/>
    <property name="user.country" value="ZA"/>
    <property name="sun.boot.library.path" value="C:\Users\groov\.jdks\openjdk-22.0.2\bin"/>
    <property name="sun.java.command" value="C:\Users\groov\AppData\Local\Temp\surefire11105288465677776966\surefirebooter-20250123101609910_3.jar C:\Users\groov\AppData\Local\Temp\surefire11105288465677776966 2025-01-23T10-16-09_757-jvmRun1 surefire-20250123101609910_1tmp surefire_0-20250123101609910_2tmp"/>
    <property name="jdk.debug" value="release"/>
    <property name="surefire.test.class.path" value="C:\Users\groov\IdeaProjects\Test-Automation\ApiTesting\target\test-classes;C:\Users\groov\IdeaProjects\Test-Automation\ApiTesting\target\classes;C:\Users\groov\.m2\repository\io\rest-assured\rest-assured\5.5.0\rest-assured-5.5.0.jar;C:\Users\groov\.m2\repository\org\apache\groovy\groovy\4.0.22\groovy-4.0.22.jar;C:\Users\groov\.m2\repository\org\apache\groovy\groovy-xml\4.0.22\groovy-xml-4.0.22.jar;C:\Users\groov\.m2\repository\org\apache\httpcomponents\httpclient\4.5.13\httpclient-4.5.13.jar;C:\Users\groov\.m2\repository\org\apache\httpcomponents\httpcore\4.4.13\httpcore-4.4.13.jar;C:\Users\groov\.m2\repository\commons-logging\commons-logging\1.2\commons-logging-1.2.jar;C:\Users\groov\.m2\repository\org\apache\httpcomponents\httpmime\4.5.13\httpmime-4.5.13.jar;C:\Users\groov\.m2\repository\org\hamcrest\hamcrest\2.2\hamcrest-2.2.jar;C:\Users\groov\.m2\repository\org\ccil\cowan\tagsoup\tagsoup\1.2.1\tagsoup-1.2.1.jar;C:\Users\groov\.m2\repository\io\rest-assured\json-path\5.5.0\json-path-5.5.0.jar;C:\Users\groov\.m2\repository\org\apache\groovy\groovy-json\4.0.22\groovy-json-4.0.22.jar;C:\Users\groov\.m2\repository\io\rest-assured\rest-assured-common\5.5.0\rest-assured-common-5.5.0.jar;C:\Users\groov\.m2\repository\io\rest-assured\json-schema-validator\5.5.0\json-schema-validator-5.5.0.jar;C:\Users\groov\.m2\repository\com\github\java-json-tools\json-schema-validator\2.2.14\json-schema-validator-2.2.14.jar;C:\Users\groov\.m2\repository\com\github\java-json-tools\jackson-coreutils-equivalence\1.0\jackson-coreutils-equivalence-1.0.jar;C:\Users\groov\.m2\repository\com\github\java-json-tools\jackson-coreutils\2.0\jackson-coreutils-2.0.jar;C:\Users\groov\.m2\repository\com\github\java-json-tools\msg-simple\1.2\msg-simple-1.2.jar;C:\Users\groov\.m2\repository\com\github\java-json-tools\btf\1.3\btf-1.3.jar;C:\Users\groov\.m2\repository\com\github\java-json-tools\json-schema-core\1.2.14\json-schema-core-1.2.14.jar;C:\Users\groov\.m2\repository\com\github\java-json-tools\uri-template\0.10\uri-template-0.10.jar;C:\Users\groov\.m2\repository\org\mozilla\rhino\1.7.7.2\rhino-1.7.7.2.jar;C:\Users\groov\.m2\repository\com\sun\mail\mailapi\1.6.2\mailapi-1.6.2.jar;C:\Users\groov\.m2\repository\com\googlecode\libphonenumber\libphonenumber\8.11.1\libphonenumber-8.11.1.jar;C:\Users\groov\.m2\repository\com\google\code\findbugs\jsr305\3.0.2\jsr305-3.0.2.jar;C:\Users\groov\.m2\repository\net\sf\jopt-simple\jopt-simple\5.0.4\jopt-simple-5.0.4.jar;C:\Users\groov\.m2\repository\com\google\guava\guava\33.2.1-jre\guava-33.2.1-jre.jar;C:\Users\groov\.m2\repository\com\google\guava\failureaccess\1.0.2\failureaccess-1.0.2.jar;C:\Users\groov\.m2\repository\com\google\guava\listenablefuture\9999.0-empty-to-avoid-conflict-with-guava\listenablefuture-9999.0-empty-to-avoid-conflict-with-guava.jar;C:\Users\groov\.m2\repository\org\checkerframework\checker-qual\3.42.0\checker-qual-3.42.0.jar;C:\Users\groov\.m2\repository\com\google\errorprone\error_prone_annotations\2.26.1\error_prone_annotations-2.26.1.jar;C:\Users\groov\.m2\repository\com\google\j2objc\j2objc-annotations\3.0.0\j2objc-annotations-3.0.0.jar;C:\Users\groov\.m2\repository\io\rest-assured\xml-path\5.5.0\xml-path-5.5.0.jar;C:\Users\groov\.m2\repository\org\apache\commons\commons-lang3\3.11\commons-lang3-3.11.jar;C:\Users\groov\.m2\repository\io\cucumber\cucumber-core\7.20.1\cucumber-core-7.20.1.jar;C:\Users\groov\.m2\repository\io\cucumber\cucumber-gherkin\7.20.1\cucumber-gherkin-7.20.1.jar;C:\Users\groov\.m2\repository\io\cucumber\cucumber-gherkin-messages\7.20.1\cucumber-gherkin-messages-7.20.1.jar;C:\Users\groov\.m2\repository\io\cucumber\gherkin\28.0.0\gherkin-28.0.0.jar;C:\Users\groov\.m2\repository\io\cucumber\messages\24.1.0\messages-24.1.0.jar;C:\Users\groov\.m2\repository\io\cucumber\testng-xml-formatter\0.2.0\testng-xml-formatter-0.2.0.jar;C:\Users\groov\.m2\repository\io\cucumber\query\12.2.0\query-12.2.0.jar;C:\Users\groov\.m2\repository\io\cucumber\tag-expressions\6.1.0\tag-expressions-6.1.0.jar;C:\Users\groov\.m2\repository\io\cucumber\cucumber-expressions\17.1.0\cucumber-expressions-17.1.0.jar;C:\Users\groov\.m2\repository\io\cucumber\datatable\7.20.1\datatable-7.20.1.jar;C:\Users\groov\.m2\repository\io\cucumber\cucumber-plugin\7.20.1\cucumber-plugin-7.20.1.jar;C:\Users\groov\.m2\repository\io\cucumber\docstring\7.20.1\docstring-7.20.1.jar;C:\Users\groov\.m2\repository\io\cucumber\html-formatter\21.7.0\html-formatter-21.7.0.jar;C:\Users\groov\.m2\repository\io\cucumber\junit-xml-formatter\0.5.0\junit-xml-formatter-0.5.0.jar;C:\Users\groov\.m2\repository\io\cucumber\ci-environment\10.0.1\ci-environment-10.0.1.jar;C:\Users\groov\.m2\repository\org\apiguardian\apiguardian-api\1.1.2\apiguardian-api-1.1.2.jar;C:\Users\groov\.m2\repository\io\cucumber\cucumber-java\7.20.1\cucumber-java-7.20.1.jar;C:\Users\groov\.m2\repository\io\cucumber\cucumber-testng\7.20.1\cucumber-testng-7.20.1.jar;C:\Users\groov\.m2\repository\junit\junit\3.8.1\junit-3.8.1.jar;C:\Users\groov\.m2\repository\org\uncommons\reportng\1.1.4\reportng-1.1.4.jar;C:\Users\groov\.m2\repository\velocity\velocity\1.4\velocity-1.4.jar;C:\Users\groov\.m2\repository\velocity\velocity-dep\1.4\velocity-dep-1.4.jar;C:\Users\groov\.m2\repository\org\apache\logging\log4j\log4j-core\2.23.1\log4j-core-2.23.1.jar;C:\Users\groov\.m2\repository\org\apache\logging\log4j\log4j-api\2.23.1\log4j-api-2.23.1.jar;C:\Users\groov\.m2\repository\com\fasterxml\jackson\core\jackson-databind\2.18.2\jackson-databind-2.18.2.jar;C:\Users\groov\.m2\repository\com\fasterxml\jackson\core\jackson-annotations\2.18.2\jackson-annotations-2.18.2.jar;C:\Users\groov\.m2\repository\com\fasterxml\jackson\core\jackson-core\2.18.2\jackson-core-2.18.2.jar;C:\Users\groov\.m2\repository\org\apache\poi\poi\5.4.0\poi-5.4.0.jar;C:\Users\groov\.m2\repository\commons-codec\commons-codec\1.17.1\commons-codec-1.17.1.jar;C:\Users\groov\.m2\repository\org\apache\commons\commons-collections4\4.4\commons-collections4-4.4.jar;C:\Users\groov\.m2\repository\org\apache\commons\commons-math3\3.6.1\commons-math3-3.6.1.jar;C:\Users\groov\.m2\repository\commons-io\commons-io\2.18.0\commons-io-2.18.0.jar;C:\Users\groov\.m2\repository\com\zaxxer\SparseBitSet\1.3\SparseBitSet-1.3.jar;C:\Users\groov\.m2\repository\com\googlecode\json-simple\json-simple\1.1.1\json-simple-1.1.1.jar;C:\Users\groov\.m2\repository\com\microsoft\playwright\playwright\1.49.0\playwright-1.49.0.jar;C:\Users\groov\.m2\repository\com\google\code\gson\gson\2.11.0\gson-2.11.0.jar;C:\Users\groov\.m2\repository\org\opentest4j\opentest4j\1.3.0\opentest4j-1.3.0.jar;C:\Users\groov\.m2\repository\com\microsoft\playwright\driver\1.49.0\driver-1.49.0.jar;C:\Users\groov\.m2\repository\com\microsoft\playwright\driver-bundle\1.49.0\driver-bundle-1.49.0.jar;C:\Users\groov\.m2\repository\org\testng\testng\7.10.2\testng-7.10.2.jar;C:\Users\groov\.m2\repository\org\slf4j\slf4j-api\1.7.36\slf4j-api-1.7.36.jar;C:\Users\groov\.m2\repository\com\beust\jcommander\1.82\jcommander-1.82.jar;C:\Users\groov\.m2\repository\org\webjars\jquery\3.7.1\jquery-3.7.1.jar;C:\Users\groov\.m2\repository\net\masterthought\cucumber-reporting\5.8.4\cucumber-reporting-5.8.4.jar;C:\Users\groov\.m2\repository\com\fasterxml\jackson\datatype\jackson-datatype-jsr310\2.18.1\jackson-datatype-jsr310-2.18.1.jar;C:\Users\groov\.m2\repository\org\apache\velocity\velocity-engine-core\2.4.1\velocity-engine-core-2.4.1.jar;C:\Users\groov\.m2\repository\joda-time\joda-time\2.13.0\joda-time-2.13.0.jar;C:\Users\groov\.m2\repository\org\apache\commons\commons-configuration2\2.11.0\commons-configuration2-2.11.0.jar;C:\Users\groov\.m2\repository\org\apache\commons\commons-text\1.12.0\commons-text-1.12.0.jar;C:\Users\groov\.m2\repository\org\jsoup\jsoup\1.18.1\jsoup-1.18.1.jar;C:\Users\groov\.m2\repository\com\googlecode\owasp-java-html-sanitizer\owasp-java-html-sanitizer\20240325.1\owasp-java-html-sanitizer-20240325.1.jar;C:\Users\groov\.m2\repository\com\googlecode\owasp-java-html-sanitizer\java8-shim\20240325.1\java8-shim-20240325.1.jar;C:\Users\groov\.m2\repository\com\googlecode\owasp-java-html-sanitizer\java10-shim\20240325.1\java10-shim-20240325.1.jar;C:\Users\groov\.m2\repository\org\slf4j\jcl-over-slf4j\2.0.16\jcl-over-slf4j-2.0.16.jar;"/>
    <property name="sun.cpu.endian" value="little"/>
    <property name="user.home" value="C:\Users\groov"/>
    <property name="user.language" value="en"/>
    <property name="java.specification.vendor" value="Oracle Corporation"/>
    <property name="java.version.date" value="2024-07-16"/>
    <property name="java.home" value="C:\Users\groov\.jdks\openjdk-22.0.2"/>
    <property name="file.separator" value="\"/>
    <property name="basedir" value="C:\Users\groov\IdeaProjects\Test-Automation\ApiTesting"/>
    <property name="java.vm.compressedOopsMode" value="Zero based"/>
    <property name="line.separator" value="&#10;"/>
    <property name="java.vm.specification.vendor" value="Oracle Corporation"/>
    <property name="java.specification.name" value="Java Platform API Specification"/>
    <property name="surefire.real.class.path" value="C:\Users\groov\AppData\Local\Temp\surefire11105288465677776966\surefirebooter-20250123101609910_3.jar"/>
    <property name="user.script" value=""/>
    <property name="sun.management.compiler" value="HotSpot 64-Bit Tiered Compilers"/>
    <property name="java.runtime.version" value="22.0.2+9-70"/>
    <property name="user.name" value="groov"/>
    <property name="stdout.encoding" value="Cp1252"/>
    <property name="path.separator" value=";"/>
    <property name="os.version" value="10.0"/>
    <property name="java.runtime.name" value="OpenJDK Runtime Environment"/>
    <property name="file.encoding" value="UTF-8"/>
    <property name="java.vm.name" value="OpenJDK 64-Bit Server VM"/>
    <property name="localRepository" value="C:\Users\groov\.m2\repository"/>
    <property name="java.vendor.url.bug" value="https://bugreport.java.com/bugreport/"/>
    <property name="java.io.tmpdir" value="C:\Users\groov\AppData\Local\Temp\"/>
    <property name="idea.version" value="2024.3.2"/>
    <property name="java.version" value="22.0.2"/>
    <property name="user.dir" value="C:\Users\groov\IdeaProjects\Test-Automation\ApiTesting"/>
    <property name="os.arch" value="amd64"/>
    <property name="java.vm.specification.name" value="Java Virtual Machine Specification"/>
    <property name="sun.os.patch.level" value=""/>
    <property name="native.encoding" value="Cp1252"/>
    <property name="java.library.path" value="C:\Users\groov\.jdks\openjdk-22.0.2\bin;C:\WINDOWS\Sun\Java\bin;C:\WINDOWS\system32;C:\WINDOWS;C:\Program Files\Eclipse Adoptium\jdk-21.0.5.11-hotspot\bin;C:\Program Files\Common Files\Oracle\Java\javapath;C:\WINDOWS\system32;C:\WINDOWS;C:\WINDOWS\System32\Wbem;C:\WINDOWS\System32\WindowsPowerShell\v1.0\;C:\WINDOWS\System32\OpenSSH\;C:\Program Files\dotnet\;C:\Program Files\Java\jdk-17\bin;C:\Program Files\MySQL\MySQL Server 8.0\bin;C:\ProgramData\chocolatey\bin;C:\Program Files\nodejs\;C:\apache-maven-3.9.9\bin;C:\Users\groov\AppData\Local\Programs\Python\Launcher\;C:\Users\groov\AppData\Local\Microsoft\WindowsApps;C:\Users\groov\AppData\Local\Programs\Microsoft VS Code\bin;C:\Users\groov\AppData\Roaming\npm;C:\Users\groov\AppData\Local\GitHubDesktop\bin;C:\Users\groov\AppData\Local\Programs\Git\cmd;;."/>
    <property name="java.vm.info" value="mixed mode, sharing"/>
    <property name="stderr.encoding" value="Cp1252"/>
    <property name="java.vendor" value="Oracle Corporation"/>
    <property name="java.vm.version" value="22.0.2+9-70"/>
    <property name="sun.io.unicode.encoding" value="UnicodeLittle"/>
    <property name="java.class.version" value="66.0"/>
  </properties>
  <testcase name="runScenario[&quot;Get a user by ID&quot;, &quot;Get User&quot;](1)" classname="org.api.qa.test.runner.Runner" time="10.105">
    <system-out><![CDATA[
@ui @smoke
Scenario: Get a user by ID                     &amp#27;[90m# src/test/resources/features/reqres/GetUser.feature:7&amp#27;[0m
Payloads class loaded
API client initialized
Run Before each step in cucumber scenario step
  &amp#27;[32mGiven &amp#27;[0m&amp#27;[32mI set the base url &amp#27;[0m&amp#27;[32m&amp#27;[1m"https://reqres.in"&amp#27;[0m &amp#27;[90m# org.api.qa.test.stepDefinitions.GetUserStep.i_set_the_base_url(java.lang.String)&amp#27;[0m
Run After each step in cucumber scenario step
Run Before each step in cucumber scenario step
GET request to: /api/users/2
Status Text: OK
Status: 200
Body: 
  &amp#27;[32mGiven &amp#27;[0m&amp#27;[32mI send a GET request to &amp#27;[0m&amp#27;[32m&amp#27;[1m"/api/users/2"&amp#27;[0m &amp#27;[90m# org.api.qa.test.stepDefinitions.GetUserStep.i_send_a_get_request_to(java.lang.String)&amp#27;[0m
Run After each step in cucumber scenario step
Run Before each step in cucumber scenario step
Response status code is: 200
Status Text: OK
Status: 200
Body: [ {
  "id" : 7650819,
  "name" : "Trilokesh Shukla",
  "email" : "shukla_trilokesh@hagenes-okon.test",
  "gender" : "female",
  "status" : "active"
}, {
  "id" : 7650818,
  "name" : "Keerti Chattopadhyay",
  "email" : "keerti_chattopadhyay@hand.test",
  "gender" : "male",
  "status" : "active"
}, {
  "id" : 7650817,
  "name" : "Puneet Khan Ret.",
  "email" : "ret_khan_puneet@rosenbaum.test",
  "gender" : "female",
  "status" : "inactive"
}, {
  "id" : 7650816,
  "name" : "Karthik Banerjee",
  "email" : "banerjee_karthik@hand.test",
  "gender" : "female",
  "status" : "active"
}, {
  "id" : 7650815,
  "name" : "Vasudeva Verma",
  "email" : "vasudeva_verma@smitham.example",
  "gender" : "male",
  "status" : "active"
}, {
  "id" : 7650814,
  "name" : "Baladitya Jha",
  "email" : "jha_baladitya@bednar.example",
  "gender" : "female",
  "status" : "inactive"
}, {
  "id" : 7650812,
  "name" : "Msgr. Arjun Banerjee",
  "email" : "banerjee_msgr_arjun@lynch.example",
  "gender" : "male",
  "status" : "inactive"
}, {
  "id" : 7650811,
  "name" : "Lila Khan LLD",
  "email" : "lila_khan_lld@damore-collins.test",
  "gender" : "male",
  "status" : "active"
}, {
  "id" : 7650810,
  "name" : "Amrita Embranthiri",
  "email" : "embranthiri_amrita@cruickshank-williamson.example",
  "gender" : "male",
  "status" : "inactive"
}, {
  "id" : 7650809,
  "name" : "The Hon. Ganaka Banerjee",
  "email" : "hon_the_ganaka_banerjee@price.test",
  "gender" : "male",
  "status" : "active"
} ]
true
ID: 7650819
Url: https://gorest.co.in/public/v2/users
Content Header : application/json; charset=utf-8
Headers: {date=Thu, 23 Jan 2025 08:16:20 GMT, content-type=application/json; charset=utf-8, transfer-encoding=chunked, connection=keep-alive, cache-control=max-age=0, private, must-revalidate, etag=W/"382676b09c858542f3d54f45eb9ad6b3", feature-policy=camera 'none'; gyroscope 'none'; microphone 'none'; usb 'none'; fullscreen 'self', referrer-policy=strict-origin-when-cross-origin, vary=Origin, x-content-type-options=nosniff, x-download-options=noopen, x-frame-options=SAMEORIGIN, x-links-current=https://gorest.co.in/public/v2/users?page=1, x-links-next=https://gorest.co.in/public/v2/users?page=2, x-links-previous=, x-pagination-limit=10, x-pagination-page=1, x-pagination-pages=293, x-pagination-total=2926, x-permitted-cross-domain-policies=none, x-request-id=14524e09-d1b6-4577-a6dd-8472465380f8, x-runtime=0.032041, x-xss-protection=0, cf-cache-status=DYNAMIC, report-to={"endpoints":[{"url":"https:\/\/a.nel.cloudflare.com\/report\/v4?s=Ek%2BTdCt6C0gyDiHsMDYelYVGe8BBL2RyGrbVzyGjvyRaVhii1Dp%2BS88X6tNMCpbfr7R1bwRAPGEy8kvd9yO5EndA04Y7QbhNAQmmAOLzDdkWpQ92TyjzNOSEadpcib4%3D"}],"group":"cf-nel","max_age":604800}, nel={"success_fraction":0,"report_to":"cf-nel","max_age":604800}, server=cloudflare, cf-ray=9066574c68117402-JNB, content-encoding=br, alt-svc=h3=":443"; ma=86400, server-timing=cfL4;desc="?proto=TCP&rtt=6677&min_rtt=6677&rtt_var=3338&sent=5&recv=6&lost=0&retrans=1&sent_bytes=3228&recv_bytes=687&delivery_rate=55522&cwnd=248&unsent_bytes=0&cid=8a3b57a9d8fd489a&ts=1041&x=0"}
Body response:[{"id":7650819,"name":"Trilokesh Shukla","email":"shukla_trilokesh@hagenes-okon.test","gender":"female","status":"active"},{"id":7650818,"name":"Keerti Chattopadhyay","email":"keerti_chattopadhyay@hand.test","gender":"male","status":"active"},{"id":7650817,"name":"Puneet Khan Ret.","email":"ret_khan_puneet@rosenbaum.test","gender":"female","status":"inactive"},{"id":7650816,"name":"Karthik Banerjee","email":"banerjee_karthik@hand.test","gender":"female","status":"active"},{"id":7650815,"name":"Vasudeva Verma","email":"vasudeva_verma@smitham.example","gender":"male","status":"active"},{"id":7650814,"name":"Baladitya Jha","email":"jha_baladitya@bednar.example","gender":"female","status":"inactive"},{"id":7650812,"name":"Msgr. Arjun Banerjee","email":"banerjee_msgr_arjun@lynch.example","gender":"male","status":"inactive"},{"id":7650811,"name":"Lila Khan LLD","email":"lila_khan_lld@damore-collins.test","gender":"male","status":"active"},{"id":7650810,"name":"Amrita Embranthiri","email":"embranthiri_amrita@cruickshank-williamson.example","gender":"male","status":"inactive"},{"id":7650809,"name":"The Hon. Ganaka Banerjee","email":"hon_the_ganaka_banerjee@price.test","gender":"male","status":"active"}]
================================================
text: 7650819
ID: 7650819
  &amp#27;[32mThen &amp#27;[0m&amp#27;[32mthe response status code should be &amp#27;[0m&amp#27;[32m&amp#27;[1m200&amp#27;[0m  &amp#27;[90m# org.api.qa.test.stepDefinitions.GetUserStep.the_response_status_code_should_be(java.lang.Integer)&amp#27;[0m
Run After each step in cucumber scenario step
Closing API client
api response body is disposed
]]></system-out>
    <system-err><![CDATA[SLF4J: Failed to load class "org.slf4j.impl.StaticLoggerBinder".
SLF4J: Defaulting to no-operation (NOP) logger implementation
SLF4J: See http://www.slf4j.org/codes.html#StaticLoggerBinder for further details.
]]></system-err>
  </testcase>
</testsuite>